<?xml version="1.0" encoding="UTF-8"?>
<!-- Generated by org.testng.reporters.JUnitXMLReporter -->
<testsuite hostname="DESKTOP-VRDKAHF" ignored="0" name="Walmart App Test Cases" tests="3" failures="2" timestamp="11 Jul 2019 00:12:59 GMT" time="38.834" errors="0">
  <testcase name="loginTitleTest" time="0.012" classname="com.walmart.test.packag.TestLoginPage">
    <failure type="java.lang.AssertionError" message="expected [Walmart Canada] but found [Online Shopping Canada: Everyday Low Prices at Walmart.ca!]">
      <![CDATA[java.lang.AssertionError: expected [Walmart Canada] but found [Online Shopping Canada: Everyday Low Prices at Walmart.ca!]
at com.walmart.test.packag.TestLoginPage.loginTitleTest(TestLoginPage.java:32)
... Removed 31 stack frames]]>
    </failure>
  </testcase> <!-- loginTitleTest -->
  <testcase name="loginTest" time="2.417" classname="com.walmart.test.packag.TestLoginPage"/>
  <testcase name="verifyEmptyEmail" time="14.383" classname="com.walmart.test.packag.TestSignUpPage">
    <failure type="org.openqa.selenium.NoSuchElementException" message="Unable to locate element: //*[@id=&amp;quot;create-account-partial&amp;quot;]/div/form/fieldset/label/span[2]
For documentation on this error, please visit: http://seleniumhq.org/exceptions/no_such_element.html
Build info: version: &amp;apos;3.141.5&amp;apos;, revision: &amp;apos;d54ebd709a&amp;apos;, time: &amp;apos;2018-11-06T11:42:16&amp;apos;
System info: host: &amp;apos;DESKTOP-VRDKAHF&amp;apos;, ip: &amp;apos;192.168.0.13&amp;apos;, os.name: &amp;apos;Windows 10&amp;apos;, os.arch: &amp;apos;amd64&amp;apos;, os.version: &amp;apos;10.0&amp;apos;, java.version: &amp;apos;1.8.0_211&amp;apos;
Driver info: org.openqa.selenium.firefox.FirefoxDriver
Capabilities {acceptInsecureCerts: true, browserName: firefox, browserVersion: 67.0.4, javascriptEnabled: true, moz:accessibilityChecks: false, moz:buildID: 20190619235627, moz:geckodriverVersion: 0.24.0, moz:headless: false, moz:processID: 31492, moz:profile: C:\Users\JSFOREVER\AppData\..., moz:shutdownTimeout: 60000, moz:useNonSpecCompliantPointerOrigin: false, moz:webdriverClick: true, pageLoadStrategy: normal, platform: WINDOWS, platformName: WINDOWS, platformVersion: 10.0, rotatable: false, setWindowRect: true, strictFileInteractability: false, timeouts: {implicit: 0, pageLoad: 300000, script: 30000}, unhandledPromptBehavior: dismiss and notify}
Session ID: 3ed648d2-cb76-4f0d-aacb-cb23a075cca2
*** Element info: {Using=xpath, value=//*[@id=&amp;quot;create-account-partial&amp;quot;]/div/form/fieldset/label/span[2]}">
      <![CDATA[org.openqa.selenium.NoSuchElementException: Unable to locate element: //*[@id="create-account-partial"]/div/form/fieldset/label/span[2]
For documentation on this error, please visit: http://seleniumhq.org/exceptions/no_such_element.html
Build info: version: '3.141.5', revision: 'd54ebd709a', time: '2018-11-06T11:42:16'
System info: host: 'DESKTOP-VRDKAHF', ip: '192.168.0.13', os.name: 'Windows 10', os.arch: 'amd64', os.version: '10.0', java.version: '1.8.0_211'
Driver info: org.openqa.selenium.firefox.FirefoxDriver
Capabilities {acceptInsecureCerts: true, browserName: firefox, browserVersion: 67.0.4, javascriptEnabled: true, moz:accessibilityChecks: false, moz:buildID: 20190619235627, moz:geckodriverVersion: 0.24.0, moz:headless: false, moz:processID: 31492, moz:profile: C:\Users\JSFOREVER\AppData\..., moz:shutdownTimeout: 60000, moz:useNonSpecCompliantPointerOrigin: false, moz:webdriverClick: true, pageLoadStrategy: normal, platform: WINDOWS, platformName: WINDOWS, platformVersion: 10.0, rotatable: false, setWindowRect: true, strictFileInteractability: false, timeouts: {implicit: 0, pageLoad: 300000, script: 30000}, unhandledPromptBehavior: dismiss and notify}
Session ID: 3ed648d2-cb76-4f0d-aacb-cb23a075cca2
*** Element info: {Using=xpath, value=//*[@id="create-account-partial"]/div/form/fieldset/label/span[2]}
at org.openqa.selenium.remote.http.W3CHttpResponseCodec.createException(W3CHttpResponseCodec.java:187)
at org.openqa.selenium.remote.http.W3CHttpResponseCodec.decode(W3CHttpResponseCodec.java:122)
at org.openqa.selenium.remote.http.W3CHttpResponseCodec.decode(W3CHttpResponseCodec.java:49)
at org.openqa.selenium.remote.HttpCommandExecutor.execute(HttpCommandExecutor.java:158)
at org.openqa.selenium.remote.service.DriverCommandExecutor.execute(DriverCommandExecutor.java:83)
at org.openqa.selenium.remote.RemoteWebDriver.execute(RemoteWebDriver.java:552)
at org.openqa.selenium.remote.RemoteWebDriver.findElement(RemoteWebDriver.java:323)
at org.openqa.selenium.remote.RemoteWebDriver.findElementByXPath(RemoteWebDriver.java:428)
at org.openqa.selenium.By$ByXPath.findElement(By.java:353)
at org.openqa.selenium.remote.RemoteWebDriver.findElement(RemoteWebDriver.java:315)
at org.openqa.selenium.support.events.EventFiringWebDriver.lambda$new$1(EventFiringWebDriver.java:105)
at com.sun.proxy.$Proxy7.findElement(Unknown Source)
at org.openqa.selenium.support.events.EventFiringWebDriver.findElement(EventFiringWebDriver.java:194)
at com.walmart.qa.pages.SignUpPage.checkEmptyEmail(SignUpPage.java:60)
at com.walmart.test.packag.TestSignUpPage.verifyEmptyEmail(TestSignUpPage.java:30)
... Removed 33 stack frames]]>
    </failure>
  </testcase> <!-- verifyEmptyEmail -->
</testsuite> <!-- Walmart App Test Cases -->
